<?xml version="1.0" encoding="UTF-8"?>
<testng-results ignored="0" total="1" passed="1" failed="0" skipped="0">
  <reporter-output>
  </reporter-output>
  <suite started-at="2024-12-24T07:25:11Z" name="All Test Suite" finished-at="2024-12-24T07:25:18Z" duration-ms="7131">
    <groups>
    </groups>
    <test started-at="2024-12-24T07:25:11Z" name="Login Test" finished-at="2024-12-24T07:25:18Z" duration-ms="7131">
      <class name="Test">
        <test-method signature="test()[pri:0, instance:Test@491cc5c9]" started-at="2024-12-24T07:25:11Z" name="test" finished-at="2024-12-24T07:25:18Z" duration-ms="6570" status="PASS">
          <reporter-output>
          </reporter-output>
        </test-method> <!-- test -->
        <test-method is-config="true" signature="tearDown()[pri:0, instance:Test@491cc5c9]" started-at="2024-12-24T07:25:18Z" name="tearDown" finished-at="2024-12-24T07:25:18Z" duration-ms="555" status="PASS">
          <reporter-output>
          </reporter-output>
        </test-method> <!-- tearDown -->
      </class> <!-- Test -->
    </test> <!-- Login Test -->
  </suite> <!-- All Test Suite -->
</testng-results>
